<?xml version="1.0" encoding="UTF-8"?>
<testsuites name="Mocha Tests" time="0.001" tests="100" failures="0">
  <testsuite name="Root Suite" timestamp="2018-07-30T12:53:48" tests="0" failures="0" time="0">
  </testsuite>
  <testsuite name="Feature: Server can respond to requests" timestamp="2018-07-30T12:53:48" tests="0" file="C:\Users\risharan\Documents\Workspace\projects\koatest\test\tests.js" failures="0" time="0">
  </testsuite>
  <testsuite name="User gotos base url and receives server greeting" timestamp="2018-07-30T12:53:48" tests="100" file="C:\Users\risharan\Documents\Workspace\projects\koatest\test\tests.js" failures="0" time="0.001">
    <testcase name="Feature: Server can respond to requests User gotos base url and receives server greeting test case 0" time="0" classname="test case 0">
    </testcase>
    <testcase name="Feature: Server can respond to requests User gotos base url and receives server greeting test case 1" time="0.001" classname="test case 1">
    </testcase>
    <testcase name="Feature: Server can respond to requests User gotos base url and receives server greeting test case 2" time="0" classname="test case 2">
    </testcase>
    <testcase name="Feature: Server can respond to requests User gotos base url and receives server greeting test case 3" time="0" classname="test case 3">
    </testcase>
    <testcase name="Feature: Server can respond to requests User gotos base url and receives server greeting test case 4" time="0" classname="test case 4">
    </testcase>
    <testcase name="Feature: Server can respond to requests User gotos base url and receives server greeting test case 5" time="0" classname="test case 5">
    </testcase>
    <testcase name="Feature: Server can respond to requests User gotos base url and receives server greeting test case 6" time="0" classname="test case 6">
    </testcase>
    <testcase name="Feature: Server can respond to requests User gotos base url and receives server greeting test case 7" time="0" classname="test case 7">
    </testcase>
    <testcase name="Feature: Server can respond to requests User gotos base url and receives server greeting test case 8" time="0" classname="test case 8">
    </testcase>
    <testcase name="Feature: Server can respond to requests User gotos base url and receives server greeting test case 9" time="0" classname="test case 9">
    </testcase>
    <testcase name="Feature: Server can respond to requests User gotos base url and receives server greeting test case 10" time="0" classname="test case 10">
    </testcase>
    <testcase name="Feature: Server can respond to requests User gotos base url and receives server greeting test case 11" time="0" classname="test case 11">
    </testcase>
    <testcase name="Feature: Server can respond to requests User gotos base url and receives server greeting test case 12" time="0" classname="test case 12">
    </testcase>
    <testcase name="Feature: Server can respond to requests User gotos base url and receives server greeting test case 13" time="0" classname="test case 13">
    </testcase>
    <testcase name="Feature: Server can respond to requests User gotos base url and receives server greeting test case 14" time="0" classname="test case 14">
    </testcase>
    <testcase name="Feature: Server can respond to requests User gotos base url and receives server greeting test case 15" time="0" classname="test case 15">
    </testcase>
    <testcase name="Feature: Server can respond to requests User gotos base url and receives server greeting test case 16" time="0" classname="test case 16">
    </testcase>
    <testcase name="Feature: Server can respond to requests User gotos base url and receives server greeting test case 17" time="0" classname="test case 17">
    </testcase>
    <testcase name="Feature: Server can respond to requests User gotos base url and receives server greeting test case 18" time="0" classname="test case 18">
    </testcase>
    <testcase name="Feature: Server can respond to requests User gotos base url and receives server greeting test case 19" time="0" classname="test case 19">
    </testcase>
    <testcase name="Feature: Server can respond to requests User gotos base url and receives server greeting test case 20" time="0" classname="test case 20">
    </testcase>
    <testcase name="Feature: Server can respond to requests User gotos base url and receives server greeting test case 21" time="0" classname="test case 21">
    </testcase>
    <testcase name="Feature: Server can respond to requests User gotos base url and receives server greeting test case 22" time="0" classname="test case 22">
    </testcase>
    <testcase name="Feature: Server can respond to requests User gotos base url and receives server greeting test case 23" time="0" classname="test case 23">
    </testcase>
    <testcase name="Feature: Server can respond to requests User gotos base url and receives server greeting test case 24" time="0" classname="test case 24">
    </testcase>
    <testcase name="Feature: Server can respond to requests User gotos base url and receives server greeting test case 25" time="0" classname="test case 25">
    </testcase>
    <testcase name="Feature: Server can respond to requests User gotos base url and receives server greeting test case 26" time="0" classname="test case 26">
    </testcase>
    <testcase name="Feature: Server can respond to requests User gotos base url and receives server greeting test case 27" time="0" classname="test case 27">
    </testcase>
    <testcase name="Feature: Server can respond to requests User gotos base url and receives server greeting test case 28" time="0" classname="test case 28">
    </testcase>
    <testcase name="Feature: Server can respond to requests User gotos base url and receives server greeting test case 29" time="0" classname="test case 29">
    </testcase>
    <testcase name="Feature: Server can respond to requests User gotos base url and receives server greeting test case 30" time="0" classname="test case 30">
    </testcase>
    <testcase name="Feature: Server can respond to requests User gotos base url and receives server greeting test case 31" time="0" classname="test case 31">
    </testcase>
    <testcase name="Feature: Server can respond to requests User gotos base url and receives server greeting test case 32" time="0" classname="test case 32">
    </testcase>
    <testcase name="Feature: Server can respond to requests User gotos base url and receives server greeting test case 33" time="0" classname="test case 33">
    </testcase>
    <testcase name="Feature: Server can respond to requests User gotos base url and receives server greeting test case 34" time="0" classname="test case 34">
    </testcase>
    <testcase name="Feature: Server can respond to requests User gotos base url and receives server greeting test case 35" time="0" classname="test case 35">
    </testcase>
    <testcase name="Feature: Server can respond to requests User gotos base url and receives server greeting test case 36" time="0" classname="test case 36">
    </testcase>
    <testcase name="Feature: Server can respond to requests User gotos base url and receives server greeting test case 37" time="0" classname="test case 37">
    </testcase>
    <testcase name="Feature: Server can respond to requests User gotos base url and receives server greeting test case 38" time="0" classname="test case 38">
    </testcase>
    <testcase name="Feature: Server can respond to requests User gotos base url and receives server greeting test case 39" time="0" classname="test case 39">
    </testcase>
    <testcase name="Feature: Server can respond to requests User gotos base url and receives server greeting test case 40" time="0" classname="test case 40">
    </testcase>
    <testcase name="Feature: Server can respond to requests User gotos base url and receives server greeting test case 41" time="0" classname="test case 41">
    </testcase>
    <testcase name="Feature: Server can respond to requests User gotos base url and receives server greeting test case 42" time="0" classname="test case 42">
    </testcase>
    <testcase name="Feature: Server can respond to requests User gotos base url and receives server greeting test case 43" time="0" classname="test case 43">
    </testcase>
    <testcase name="Feature: Server can respond to requests User gotos base url and receives server greeting test case 44" time="0" classname="test case 44">
    </testcase>
    <testcase name="Feature: Server can respond to requests User gotos base url and receives server greeting test case 45" time="0" classname="test case 45">
    </testcase>
    <testcase name="Feature: Server can respond to requests User gotos base url and receives server greeting test case 46" time="0" classname="test case 46">
    </testcase>
    <testcase name="Feature: Server can respond to requests User gotos base url and receives server greeting test case 47" time="0" classname="test case 47">
    </testcase>
    <testcase name="Feature: Server can respond to requests User gotos base url and receives server greeting test case 48" time="0" classname="test case 48">
    </testcase>
    <testcase name="Feature: Server can respond to requests User gotos base url and receives server greeting test case 49" time="0" classname="test case 49">
    </testcase>
    <testcase name="Feature: Server can respond to requests User gotos base url and receives server greeting test case 50" time="0" classname="test case 50">
    </testcase>
    <testcase name="Feature: Server can respond to requests User gotos base url and receives server greeting test case 51" time="0" classname="test case 51">
    </testcase>
    <testcase name="Feature: Server can respond to requests User gotos base url and receives server greeting test case 52" time="0" classname="test case 52">
    </testcase>
    <testcase name="Feature: Server can respond to requests User gotos base url and receives server greeting test case 53" time="0" classname="test case 53">
    </testcase>
    <testcase name="Feature: Server can respond to requests User gotos base url and receives server greeting test case 54" time="0" classname="test case 54">
    </testcase>
    <testcase name="Feature: Server can respond to requests User gotos base url and receives server greeting test case 55" time="0" classname="test case 55">
    </testcase>
    <testcase name="Feature: Server can respond to requests User gotos base url and receives server greeting test case 56" time="0" classname="test case 56">
    </testcase>
    <testcase name="Feature: Server can respond to requests User gotos base url and receives server greeting test case 57" time="0" classname="test case 57">
    </testcase>
    <testcase name="Feature: Server can respond to requests User gotos base url and receives server greeting test case 58" time="0" classname="test case 58">
    </testcase>
    <testcase name="Feature: Server can respond to requests User gotos base url and receives server greeting test case 59" time="0" classname="test case 59">
    </testcase>
    <testcase name="Feature: Server can respond to requests User gotos base url and receives server greeting test case 60" time="0" classname="test case 60">
    </testcase>
    <testcase name="Feature: Server can respond to requests User gotos base url and receives server greeting test case 61" time="0" classname="test case 61">
    </testcase>
    <testcase name="Feature: Server can respond to requests User gotos base url and receives server greeting test case 62" time="0" classname="test case 62">
    </testcase>
    <testcase name="Feature: Server can respond to requests User gotos base url and receives server greeting test case 63" time="0" classname="test case 63">
    </testcase>
    <testcase name="Feature: Server can respond to requests User gotos base url and receives server greeting test case 64" time="0" classname="test case 64">
    </testcase>
    <testcase name="Feature: Server can respond to requests User gotos base url and receives server greeting test case 65" time="0" classname="test case 65">
    </testcase>
    <testcase name="Feature: Server can respond to requests User gotos base url and receives server greeting test case 66" time="0" classname="test case 66">
    </testcase>
    <testcase name="Feature: Server can respond to requests User gotos base url and receives server greeting test case 67" time="0" classname="test case 67">
    </testcase>
    <testcase name="Feature: Server can respond to requests User gotos base url and receives server greeting test case 68" time="0" classname="test case 68">
    </testcase>
    <testcase name="Feature: Server can respond to requests User gotos base url and receives server greeting test case 69" time="0" classname="test case 69">
    </testcase>
    <testcase name="Feature: Server can respond to requests User gotos base url and receives server greeting test case 70" time="0" classname="test case 70">
    </testcase>
    <testcase name="Feature: Server can respond to requests User gotos base url and receives server greeting test case 71" time="0" classname="test case 71">
    </testcase>
    <testcase name="Feature: Server can respond to requests User gotos base url and receives server greeting test case 72" time="0" classname="test case 72">
    </testcase>
    <testcase name="Feature: Server can respond to requests User gotos base url and receives server greeting test case 73" time="0" classname="test case 73">
    </testcase>
    <testcase name="Feature: Server can respond to requests User gotos base url and receives server greeting test case 74" time="0" classname="test case 74">
    </testcase>
    <testcase name="Feature: Server can respond to requests User gotos base url and receives server greeting test case 75" time="0" classname="test case 75">
    </testcase>
    <testcase name="Feature: Server can respond to requests User gotos base url and receives server greeting test case 76" time="0" classname="test case 76">
    </testcase>
    <testcase name="Feature: Server can respond to requests User gotos base url and receives server greeting test case 77" time="0" classname="test case 77">
    </testcase>
    <testcase name="Feature: Server can respond to requests User gotos base url and receives server greeting test case 78" time="0" classname="test case 78">
    </testcase>
    <testcase name="Feature: Server can respond to requests User gotos base url and receives server greeting test case 79" time="0" classname="test case 79">
    </testcase>
    <testcase name="Feature: Server can respond to requests User gotos base url and receives server greeting test case 80" time="0" classname="test case 80">
    </testcase>
    <testcase name="Feature: Server can respond to requests User gotos base url and receives server greeting test case 81" time="0" classname="test case 81">
    </testcase>
    <testcase name="Feature: Server can respond to requests User gotos base url and receives server greeting test case 82" time="0" classname="test case 82">
    </testcase>
    <testcase name="Feature: Server can respond to requests User gotos base url and receives server greeting test case 83" time="0" classname="test case 83">
    </testcase>
    <testcase name="Feature: Server can respond to requests User gotos base url and receives server greeting test case 84" time="0" classname="test case 84">
    </testcase>
    <testcase name="Feature: Server can respond to requests User gotos base url and receives server greeting test case 85" time="0" classname="test case 85">
    </testcase>
    <testcase name="Feature: Server can respond to requests User gotos base url and receives server greeting test case 86" time="0" classname="test case 86">
    </testcase>
    <testcase name="Feature: Server can respond to requests User gotos base url and receives server greeting test case 87" time="0" classname="test case 87">
    </testcase>
    <testcase name="Feature: Server can respond to requests User gotos base url and receives server greeting test case 88" time="0" classname="test case 88">
    </testcase>
    <testcase name="Feature: Server can respond to requests User gotos base url and receives server greeting test case 89" time="0" classname="test case 89">
    </testcase>
    <testcase name="Feature: Server can respond to requests User gotos base url and receives server greeting test case 90" time="0" classname="test case 90">
    </testcase>
    <testcase name="Feature: Server can respond to requests User gotos base url and receives server greeting test case 91" time="0" classname="test case 91">
    </testcase>
    <testcase name="Feature: Server can respond to requests User gotos base url and receives server greeting test case 92" time="0" classname="test case 92">
    </testcase>
    <testcase name="Feature: Server can respond to requests User gotos base url and receives server greeting test case 93" time="0" classname="test case 93">
    </testcase>
    <testcase name="Feature: Server can respond to requests User gotos base url and receives server greeting test case 94" time="0" classname="test case 94">
    </testcase>
    <testcase name="Feature: Server can respond to requests User gotos base url and receives server greeting test case 95" time="0" classname="test case 95">
    </testcase>
    <testcase name="Feature: Server can respond to requests User gotos base url and receives server greeting test case 96" time="0" classname="test case 96">
    </testcase>
    <testcase name="Feature: Server can respond to requests User gotos base url and receives server greeting test case 97" time="0" classname="test case 97">
    </testcase>
    <testcase name="Feature: Server can respond to requests User gotos base url and receives server greeting test case 98" time="0" classname="test case 98">
    </testcase>
    <testcase name="Feature: Server can respond to requests User gotos base url and receives server greeting test case 99" time="0" classname="test case 99">
    </testcase>
  </testsuite>
</testsuites>